<?xml version="1.0" encoding="UTF-8"?>
<!-- Generated by org.testng.reporters.JUnitReportReporter -->
<testsuite hostname="GT0303" failures="0" tests="3" name="Practo.PractoTestng" time="84.653" errors="0" timestamp="2024-09-24T21:44:33 IST" skipped="0">
  <testcase classname="Practo.PractoTestng" name="verifyListOfAllDoctors" time="25.799"/>
  <testcase classname="Practo.PractoTestng" name="verifyDoctor_name_date_time" time="33.583"/>
  <testcase classname="Practo.PractoTestng" name="filter" time="25.271"/>
</testsuite> <!-- Practo.PractoTestng -->
