<?xml version="1.0" encoding="UTF-8"?>
<!-- Generated by org.testng.reporters.JUnitReportReporter -->
<testsuite hostname="GT0303" failures="0" tests="3" name="Practo.PractoTestng" time="73.188" errors="0" timestamp="2024-09-25T19:20:13 IST" skipped="0">
  <testcase classname="Practo.PractoTestng" name="verifyListOfAllDoctors" time="22.318"/>
  <testcase classname="Practo.PractoTestng" name="verifyDoctor_name_date_time" time="28.779"/>
  <testcase classname="Practo.PractoTestng" name="filter" time="22.091"/>
</testsuite> <!-- Practo.PractoTestng -->
